{"/Users/gianlucaansaldi/Makers/Course/projects/ten-minutes-walk/src/tenMinuteWalk.js": {"path":"/Users/gianlucaansaldi/Makers/Course/projects/ten-minutes-walk/src/tenMinuteWalk.js","statementMap":{"0":{"start":{"line":2,"column":17},"end":{"line":2,"column":18}},"1":{"start":{"line":3,"column":2},"end":{"line":11,"column":3}},"2":{"start":{"line":4,"column":4},"end":{"line":4,"column":17}},"3":{"start":{"line":6,"column":4},"end":{"line":10,"column":5}},"4":{"start":{"line":7,"column":6},"end":{"line":7,"column":43}},"5":{"start":{"line":7,"column":29},"end":{"line":7,"column":43}},"6":{"start":{"line":8,"column":6},"end":{"line":8,"column":43}},"7":{"start":{"line":8,"column":29},"end":{"line":8,"column":43}},"8":{"start":{"line":12,"column":2},"end":{"line":12,"column":24}},"9":{"start":{"line":15,"column":0},"end":{"line":15,"column":31}}},"fnMap":{"0":{"name":"tenMinuteWalk","decl":{"start":{"line":1,"column":9},"end":{"line":1,"column":22}},"loc":{"start":{"line":1,"column":35},"end":{"line":13,"column":1}},"line":1}},"branchMap":{"0":{"loc":{"start":{"line":3,"column":2},"end":{"line":11,"column":3}},"type":"if","locations":[{"start":{"line":3,"column":2},"end":{"line":11,"column":3}},{"start":{"line":5,"column":9},"end":{"line":11,"column":3}}],"line":3},"1":{"loc":{"start":{"line":7,"column":6},"end":{"line":7,"column":43}},"type":"if","locations":[{"start":{"line":7,"column":6},"end":{"line":7,"column":43}},{"start":{},"end":{}}],"line":7},"2":{"loc":{"start":{"line":8,"column":6},"end":{"line":8,"column":43}},"type":"if","locations":[{"start":{"line":8,"column":6},"end":{"line":8,"column":43}},{"start":{},"end":{}}],"line":8}},"s":{"0":3,"1":3,"2":1,"3":2,"4":20,"5":9,"6":20,"7":11,"8":2,"9":1},"f":{"0":3},"b":{"0":[1,2],"1":[9,11],"2":[11,9]},"_coverageSchema":"1a1c01bbd47fc00a2c39e90264f33305004495a9","hash":"d2383882b356efcccf159083012deab1377ab0ee"}
}
