{"/Users/gianlucaansaldi/Makers/Course/projects/ten-minutes-walk/src/tenMinuteWalk.js": {"path":"/Users/gianlucaansaldi/Makers/Course/projects/ten-minutes-walk/src/tenMinuteWalk.js","statementMap":{"0":{"start":{"line":2,"column":2},"end":{"line":2,"column":14}},"1":{"start":{"line":5,"column":0},"end":{"line":5,"column":31}}},"fnMap":{"0":{"name":"tenMinuteWalk","decl":{"start":{"line":1,"column":9},"end":{"line":1,"column":22}},"loc":{"start":{"line":1,"column":35},"end":{"line":3,"column":1}},"line":1}},"branchMap":{},"s":{"0":1,"1":1},"f":{"0":1},"b":{},"_coverageSchema":"1a1c01bbd47fc00a2c39e90264f33305004495a9","hash":"6c28830b34ee16f2a805b4469ac1dca542c3099c"}
}
